<?xml version="1.0" encoding="UTF-8"?>
<!-- Generated by org.testng.reporters.JUnitReportReporter -->
<testsuite hostname="DESKTOP-H0PI4DT" failures="0" tests="1" name="demo.Examples" time="5.546" errors="0" timestamp="2021-12-17T15:20:34 IST" skipped="0">
  <testcase classname="demo.Examples" name="test_post" time="5.546"/>
  <system-out/>
</testsuite> <!-- demo.Examples -->
