<?xml version="1.0" encoding="UTF-8"?>
<!-- Generated by org.testng.reporters.JUnitReportReporter -->
<testsuite hostname="DESKTOP-H0PI4DT" failures="0" tests="3" name="restAPIExcercise.PATCH_Example" time="22.166" errors="0" timestamp="2021-12-17T11:48:24 IST" skipped="0">
  <testcase classname="restAPIExcercise.PATCH_Example" name="testPATCH" time="5.866"/>
  <system-out/>
  <testcase classname="restAPIExcercise.PATCH_Example" name="testPATCH" time="5.814"/>
  <system-out/>
  <testcase classname="restAPIExcercise.PATCH_Example" name="testPATCH" time="10.486"/>
  <system-out/>
</testsuite> <!-- restAPIExcercise.PATCH_Example -->
