<?xml version="1.0" encoding="UTF-8"?>
<!-- Generated by org.testng.reporters.JUnitReportReporter -->
<testsuite hostname="DESKTOP-H0PI4DT" failures="0" tests="1" name="demo.DataDrivenExamples" time="3.653" errors="0" timestamp="2021-12-17T08:49:53 IST" skipped="0">
  <testcase classname="demo.DataDrivenExamples" name="delete" time="3.653"/>
  <system-out/>
</testsuite> <!-- demo.DataDrivenExamples -->
