<?xml version="1.0" encoding="UTF-8"?>
<!-- Generated by org.testng.reporters.JUnitReportReporter -->
<testsuite hostname="DESKTOP-H0PI4DT" failures="0" tests="1" name="restAPIExcercise.TC_02_POST_CreateEmployee_working" time="0.030" errors="0" timestamp="2021-12-17T09:38:58 IST" skipped="0">
  <testcase classname="restAPIExcercise.TC_02_POST_CreateEmployee_working" name="getStatusCode" time="0.030"/>
  <system-out/>
</testsuite> <!-- restAPIExcercise.TC_02_POST_CreateEmployee_working -->
