<?xml version="1.0" encoding="UTF-8"?>
<!-- Generated by org.testng.reporters.JUnitReportReporter -->
<testsuite hostname="DESKTOP-H0PI4DT" failures="0" tests="1" name="restAPIExcercise.TC_02_POST_CreateEmployee" time="0.011" errors="0" timestamp="2021-12-16T20:41:32 IST" skipped="0">
  <testcase classname="restAPIExcercise.TC_02_POST_CreateEmployee" name="getStatusCode" time="0.011"/>
  <system-out/>
</testsuite> <!-- restAPIExcercise.TC_02_POST_CreateEmployee -->
