<?xml version="1.0" encoding="UTF-8"?>
<!-- Generated by org.testng.reporters.JUnitReportReporter -->
<testsuite hostname="DESKTOP-H0PI4DT" failures="0" tests="1" name="restAPIExample.TC_001_Get_ListUserExample" time="0.014" errors="0" timestamp="2021-12-16T13:28:09 IST" skipped="0">
  <testcase classname="restAPIExample.TC_001_Get_ListUserExample" name="verifyHeaderContentType" time="0.014"/>
  <system-out/>
</testsuite> <!-- restAPIExample.TC_001_Get_ListUserExample -->
