<?xml version="1.0" encoding="UTF-8"?>
<!-- Generated by org.testng.reporters.JUnitReportReporter -->
<testsuite hostname="DESKTOP-H0PI4DT" failures="0" tests="1" name="restAPIExample.TC_001_Get_ListUser" time="5.205" errors="0" timestamp="2021-12-17T16:56:46 IST" skipped="0">
  <testcase classname="restAPIExample.TC_001_Get_ListUser" name="getUserDetailsTest" time="5.205"/>
  <system-out/>
</testsuite> <!-- restAPIExample.TC_001_Get_ListUser -->
