<?xml version="1.0" encoding="UTF-8"?>
<!-- Generated by org.testng.reporters.JUnitReportReporter -->
<testsuite hostname="DESKTOP-H0PI4DT" failures="0" tests="1" name="restAPIExampleDemo.TC003_Post_Employee_Record" time="0.011" errors="0" timestamp="2022-01-13T16:27:06 IST" skipped="0">
  <testcase classname="restAPIExampleDemo.TC003_Post_Employee_Record" name="checkStatusCode" time="0.011"/>
  <system-out/>
</testsuite> <!-- restAPIExampleDemo.TC003_Post_Employee_Record -->
