<?xml version="1.0" encoding="UTF-8"?>
<!-- Generated by org.testng.reporters.JUnitReportReporter -->
<testsuite hostname="DESKTOP-H0PI4DT" failures="0" tests="2" name="restAPIExcercise.Get_Post_Example_Employee" time="4.613" errors="0" timestamp="2021-12-16T17:27:27 IST" skipped="1">
  <testcase classname="restAPIExcercise.Get_Post_Example_Employee" name="testPOST1" time="4.613"/>
  <system-out/>
  <testcase classname="restAPIExcercise.Get_Post_Example_Employee" name="testGet">
    <skipped/>
  </testcase> <!-- testGet -->
  <system-out/>
</testsuite> <!-- restAPIExcercise.Get_Post_Example_Employee -->
