<?xml version="1.0" encoding="UTF-8"?>
<!-- Generated by org.testng.reporters.JUnitReportReporter -->
<testsuite hostname="DESKTOP-H0PI4DT" failures="0" tests="3" name="restAPIExcercise.POST_Example" time="23.068" errors="0" timestamp="2021-12-17T10:20:36 IST" skipped="0">
  <testcase classname="restAPIExcercise.POST_Example" name="testPOST" time="11.523"/>
  <system-out/>
  <testcase classname="restAPIExcercise.POST_Example" name="testPOST" time="5.783"/>
  <system-out/>
  <testcase classname="restAPIExcercise.POST_Example" name="testPOST" time="5.762"/>
  <system-out/>
</testsuite> <!-- restAPIExcercise.POST_Example -->
