<?xml version="1.0" encoding="UTF-8"?>
<!-- Generated by org.testng.reporters.JUnitReportReporter -->
<testsuite hostname="DESKTOP-H0PI4DT" failures="0" tests="4" name="restAPIExample_BaseTestExample.TC_001_Get_ListUserExample" time="0.028" errors="0" timestamp="2021-12-16T13:40:22 IST" skipped="0">
  <testcase classname="restAPIExample_BaseTestExample.TC_001_Get_ListUserExample" name="verifyStatusCode" time="0.020"/>
  <system-out/>
  <testcase classname="restAPIExample_BaseTestExample.TC_001_Get_ListUserExample" name="verifyHeaderContentType" time="0.004"/>
  <system-out/>
  <testcase classname="restAPIExample_BaseTestExample.TC_001_Get_ListUserExample" name="verifyResponseTime" time="0.002"/>
  <system-out/>
  <testcase classname="restAPIExample_BaseTestExample.TC_001_Get_ListUserExample" name="verifyStatusLine" time="0.002"/>
  <system-out/>
</testsuite> <!-- restAPIExample_BaseTestExample.TC_001_Get_ListUserExample -->
