<?xml version="1.0" encoding="UTF-8"?>
<!-- Generated by org.testng.reporters.JUnitReportReporter -->
<testsuite hostname="DESKTOP-H0PI4DT" failures="0" tests="3" name="restAPIExcercise.PUT_Example" time="22.145" errors="0" timestamp="2021-12-17T11:37:42 IST" skipped="0">
  <testcase classname="restAPIExcercise.PUT_Example" name="testPUT" time="10.558"/>
  <system-out/>
  <testcase classname="restAPIExcercise.PUT_Example" name="testPUT" time="5.811"/>
  <system-out/>
  <testcase classname="restAPIExcercise.PUT_Example" name="testPUT" time="5.776"/>
  <system-out/>
</testsuite> <!-- restAPIExcercise.PUT_Example -->
